app/build/intermediates/manifest_merge_blame_file/debug/manifest-merger-blame-debug-report.txt
1<?xml version="1.0" encoding="utf-8"?>
2<manifest xmlns:android="http://schemas.android.com/apk/res/android"
3    package="com.adifkz.utsppb"
4    android:versionCode="1"
5    android:versionName="1.0" >
6
7    <uses-sdk
8        android:minSdkVersion="21"
8-->src\main\AndroidManifest.xml
9        android:targetSdkVersion="29" />
9-->src\main\AndroidManifest.xml
10
11    <uses-permission android:name="android.permission.ACCESS_COARSE_LOCATION" />
11-->src\main\AndroidManifest.xml:4:5-97
11-->src\main\AndroidManifest.xml:4:22-78
12    <uses-permission android:name="android.permission.ACCESS_FINE_LOCATION" />
12-->src\main\AndroidManifest.xml:5:5-95
12-->src\main\AndroidManifest.xml:5:22-76
13    <uses-permission android:name="android.permission.INTERNET" />
13-->[com.github.therealshabi:AutoImageFlipper:1.6.0] AndroidManifest.xml:12:5-67
13-->[com.github.therealshabi:AutoImageFlipper:1.6.0] AndroidManifest.xml:12:22-64
14
15    <application
15-->src\main\AndroidManifest.xml:6:5-43:19
16        android:allowBackup="true"
16-->src\main\AndroidManifest.xml:7:9-35
17        android:appComponentFactory="androidx.core.app.CoreComponentFactory"
17-->[androidx.core:core:1.1.0] AndroidManifest.xml:24:18-86
18        android:debuggable="true"
19        android:icon="@mipmap/ic_launcher"
19-->src\main\AndroidManifest.xml:8:9-43
20        android:label="@string/app_name"
20-->src\main\AndroidManifest.xml:9:9-41
21        android:roundIcon="@mipmap/ic_launcher_round"
21-->src\main\AndroidManifest.xml:10:9-54
22        android:supportsRtl="true"
22-->src\main\AndroidManifest.xml:11:9-35
23        android:testOnly="true"
24        android:theme="@style/AppTheme"
24-->src\main\AndroidManifest.xml:12:9-40
25        android:usesCleartextTraffic="true" >
25-->[com.github.therealshabi:AutoImageFlipper:1.6.0] AndroidManifest.xml:18:9-44
26        <activity
26-->src\main\AndroidManifest.xml:13:9-15:84
27            android:name="com.adifkz.utsppb.Mubaligh.Mubaligh"
27-->src\main\AndroidManifest.xml:14:13-46
28            android:theme="@style/Theme.AppCompat.DayNight.NoActionBar" />
28-->src\main\AndroidManifest.xml:15:13-72
29        <activity
29-->src\main\AndroidManifest.xml:16:9-18:75
30            android:name="com.adifkz.utsppb.Khutbah.Khutbah"
30-->src\main\AndroidManifest.xml:17:13-44
31            android:theme="@style/Theme.AppCompat.DayNight.NoActionBar" />
31-->src\main\AndroidManifest.xml:18:13-72
32        <activity
32-->src\main\AndroidManifest.xml:19:9-21:75
33            android:name="com.adifkz.utsppb.Cari.CariDetail"
33-->src\main\AndroidManifest.xml:20:13-44
34            android:theme="@style/Theme.AppCompat.DayNight.NoActionBar" />
34-->src\main\AndroidManifest.xml:21:13-72
35        <activity
35-->src\main\AndroidManifest.xml:22:9-24:75
36            android:name="com.adifkz.utsppb.Cari.Cari"
36-->src\main\AndroidManifest.xml:23:13-38
37            android:theme="@style/Theme.AppCompat.DayNight.NoActionBar" />
37-->src\main\AndroidManifest.xml:24:13-72
38        <activity
38-->src\main\AndroidManifest.xml:25:9-27:75
39            android:name="com.adifkz.utsppb.Kegiatan.KegiatanDetail"
39-->src\main\AndroidManifest.xml:26:13-52
40            android:theme="@style/Theme.AppCompat.DayNight.NoActionBar" />
40-->src\main\AndroidManifest.xml:27:13-72
41        <activity
41-->src\main\AndroidManifest.xml:28:9-30:75
42            android:name="com.adifkz.utsppb.Kegiatan.Kegiatan"
42-->src\main\AndroidManifest.xml:29:13-46
43            android:theme="@style/Theme.AppCompat.DayNight.NoActionBar" />
43-->src\main\AndroidManifest.xml:30:13-72
44        <activity
44-->src\main\AndroidManifest.xml:31:9-33:75
45            android:name="com.adifkz.utsppb.Profile.Profile"
45-->src\main\AndroidManifest.xml:32:13-44
46            android:theme="@style/Theme.AppCompat.DayNight.NoActionBar" />
46-->src\main\AndroidManifest.xml:33:13-72
47        <activity
47-->src\main\AndroidManifest.xml:34:9-42:20
48            android:name="com.adifkz.utsppb.MainActivity"
48-->src\main\AndroidManifest.xml:35:13-41
49            android:theme="@style/Theme.AppCompat.DayNight.NoActionBar" >
49-->src\main\AndroidManifest.xml:36:13-72
50            <intent-filter>
50-->src\main\AndroidManifest.xml:37:13-41:29
51                <action android:name="android.intent.action.MAIN" />
51-->src\main\AndroidManifest.xml:38:17-69
51-->src\main\AndroidManifest.xml:38:25-66
52
53                <category android:name="android.intent.category.LAUNCHER" />
53-->src\main\AndroidManifest.xml:40:17-77
53-->src\main\AndroidManifest.xml:40:27-74
54            </intent-filter>
55        </activity>
56    </application>
57
58</manifest>